{
  "Cucumber Features": {
    "coverage": {
      "/home/ec2-user/environment/Cord-Cutting-Calculator/app/controllers/sessions_controller.rb": [
        1,
        null,
        1,
        null,
        null,
        null,
        1,
        1,
        1,
        0,
        null,
        null,
        0,
        0,
        null,
        1,
        1,
        null,
        null,
        null,
        1,
        0,
        0,
        0,
        null,
        null,
        null
      ],
      "/home/ec2-user/environment/Cord-Cutting-Calculator/app/controllers/application_controller.rb": [
        1,
        1,
        null,
        1,
        null,
        1,
        130,
        null,
        null,
        1,
        130,
        null,
        null,
        1,
        0,
        0,
        0,
        null,
        null,
        null,
        null
      ],
      "/home/ec2-user/environment/Cord-Cutting-Calculator/app/helpers/application_helper.rb": [
        1,
        null
      ],
      "/home/ec2-user/environment/Cord-Cutting-Calculator/app/helpers/channels_helper.rb": [
        1,
        null
      ],
      "/home/ec2-user/environment/Cord-Cutting-Calculator/app/helpers/home_helper.rb": [
        1,
        null
      ],
      "/home/ec2-user/environment/Cord-Cutting-Calculator/app/helpers/me_helper.rb": [
        1,
        null
      ],
      "/home/ec2-user/environment/Cord-Cutting-Calculator/app/helpers/stream_packages_helper.rb": [
        1,
        null
      ],
      "/home/ec2-user/environment/Cord-Cutting-Calculator/app/controllers/stream_packages_controller.rb": [
        1,
        null,
        1,
        null,
        null,
        null,
        1,
        13,
        null,
        null,
        null,
        null,
        1,
        null,
        null,
        null,
        1,
        3,
        3,
        null,
        null,
        null,
        1,
        null,
        null,
        null,
        null,
        1,
        5,
        2,
        null,
        2,
        2,
        4,
        2,
        null,
        0,
        0,
        null,
        null,
        null,
        null,
        null,
        null,
        1,
        1,
        2,
        null,
        1,
        2,
        1,
        null,
        0,
        0,
        null,
        null,
        null,
        null,
        null,
        null,
        1,
        0,
        0,
        0,
        0,
        null,
        null,
        null,
        1,
        null,
        1,
        15,
        15,
        null,
        null,
        null,
        1,
        6,
        null,
        null
      ],
      "/home/ec2-user/environment/Cord-Cutting-Calculator/app/models/stream_package.rb": [
        1,
        1,
        null
      ],
      "/home/ec2-user/environment/Cord-Cutting-Calculator/app/models/application_record.rb": [
        1,
        1,
        null
      ],
      "/home/ec2-user/environment/Cord-Cutting-Calculator/app/models/channel.rb": [
        1,
        1,
        1,
        null
      ],
      "/home/ec2-user/environment/Cord-Cutting-Calculator/app/controllers/channels_controller.rb": [
        1,
        null,
        1,
        null,
        null,
        null,
        1,
        2,
        null,
        null,
        null,
        null,
        1,
        null,
        null,
        null,
        1,
        1,
        1,
        null,
        null,
        null,
        1,
        2,
        null,
        null,
        null,
        null,
        1,
        1,
        null,
        1,
        1,
        2,
        1,
        null,
        0,
        0,
        null,
        null,
        null,
        null,
        null,
        null,
        1,
        1,
        1,
        1,
        2,
        1,
        null,
        0,
        0,
        null,
        null,
        null,
        null,
        null,
        null,
        1,
        0,
        0,
        0,
        0,
        null,
        null,
        null,
        1,
        null,
        1,
        7,
        null,
        null,
        null,
        1,
        2,
        null,
        null,
        1,
        null,
        3,
        null,
        null,
        null,
        null,
        null,
        null,
        null,
        null,
        null
      ],
      "/home/ec2-user/environment/Cord-Cutting-Calculator/app/controllers/user_controller.rb": [
        1,
        null,
        1,
        2,
        0,
        null,
        0,
        0,
        0,
        0,
        0,
        0,
        0,
        null,
        0,
        0,
        0,
        null,
        null,
        1,
        0,
        0,
        0,
        0,
        0,
        0,
        0,
        null,
        null,
        0,
        0,
        null,
        null,
        0,
        0,
        0,
        0,
        0,
        null,
        0,
        null,
        0,
        null,
        null,
        null,
        0,
        null,
        null,
        null,
        null,
        null,
        null,
        0,
        null,
        null
      ],
      "/home/ec2-user/environment/Cord-Cutting-Calculator/app/models/user.rb": [
        1,
        1,
        null,
        1,
        null,
        1,
        1,
        1,
        null,
        1,
        1,
        null,
        null,
        1,
        1,
        null,
        null,
        null,
        1,
        null,
        1,
        0,
        0,
        0,
        0,
        0,
        0,
        0,
        0,
        null,
        null,
        null,
        1,
        0,
        0,
        0,
        0,
        null,
        null,
        null,
        null,
        null,
        1,
        0,
        0,
        0,
        null,
        0,
        0,
        0,
        0,
        0,
        0,
        0,
        0,
        null,
        0,
        0,
        0,
        null,
        0,
        null,
        0,
        0,
        0,
        0,
        0,
        0,
        0,
        null,
        0,
        null,
        0,
        0,
        0,
        0,
        0,
        0,
        0,
        null,
        0,
        null,
        0,
        0,
        0,
        0,
        0,
        0,
        0,
        null,
        0,
        null,
        null,
        0,
        null,
        null,
        1,
        0,
        0,
        0,
        null,
        0,
        0,
        0,
        0,
        0,
        null,
        0,
        null,
        null,
        null,
        0,
        0,
        0,
        null,
        0,
        0,
        0,
        null,
        0,
        null,
        null,
        null,
        0,
        0,
        0,
        0,
        0,
        null,
        null,
        0,
        0,
        0,
        0,
        0,
        0,
        null,
        0,
        null,
        null,
        null,
        null,
        null,
        0,
        0,
        null,
        0,
        null,
        null,
        null,
        1,
        1,
        1,
        null,
        1,
        0,
        0,
        null,
        null,
        1,
        0,
        0,
        null,
        null,
        1,
        0,
        0,
        0,
        0,
        null,
        null,
        null,
        null
      ],
      "/home/ec2-user/environment/Cord-Cutting-Calculator/app/controllers/pages_controller.rb": [
        0,
        null,
        0,
        null,
        0,
        null,
        0
      ],
      "/home/ec2-user/environment/Cord-Cutting-Calculator/app/controllers/users_controller.rb": [
        0,
        0,
        null,
        0,
        0,
        0,
        null,
        0,
        0,
        0,
        0,
        0,
        0,
        0,
        0,
        0,
        0,
        null,
        0,
        0,
        null,
        0,
        0,
        0,
        0,
        0,
        0,
        0,
        0,
        null,
        0,
        0,
        0,
        0,
        null,
        0,
        0,
        0,
        0
      ],
      "/home/ec2-user/environment/Cord-Cutting-Calculator/app/controllers/home_controller.rb": [
        0,
        0,
        0,
        0,
        null,
        0,
        0,
        0,
        null,
        0,
        0,
        0,
        null,
        0,
        null,
        0,
        null,
        null,
        null,
        null,
        0,
        0,
        0,
        0,
        null,
        0,
        0,
        0,
        0,
        0,
        0,
        0,
        0,
        0,
        null,
        0
      ],
      "/home/ec2-user/environment/Cord-Cutting-Calculator/app/models/channels_user.rb": [
        0,
        0,
        0,
        null,
        null,
        0
      ]
    },
    "timestamp": 1553661407
  },
  "RSpec": {
    "coverage": {
      "/home/ec2-user/environment/Cord-Cutting-Calculator/app/helpers/application_helper.rb": [
        1,
        null
      ],
      "/home/ec2-user/environment/Cord-Cutting-Calculator/app/helpers/channels_helper.rb": [
        1,
        null
      ],
      "/home/ec2-user/environment/Cord-Cutting-Calculator/app/helpers/home_helper.rb": [
        1,
        null
      ],
      "/home/ec2-user/environment/Cord-Cutting-Calculator/app/helpers/me_helper.rb": [
        1,
        null
      ],
      "/home/ec2-user/environment/Cord-Cutting-Calculator/app/helpers/stream_packages_helper.rb": [
        1,
        null
      ],
      "/home/ec2-user/environment/Cord-Cutting-Calculator/app/controllers/channels_controller.rb": [
        1,
        null,
        1,
        null,
        null,
        null,
        1,
        2,
        null,
        null,
        null,
        null,
        1,
        null,
        null,
        null,
        1,
        1,
        1,
        null,
        null,
        null,
        1,
        1,
        null,
        null,
        null,
        null,
        1,
        2,
        null,
        2,
        2,
        2,
        1,
        null,
        2,
        1,
        null,
        null,
        null,
        null,
        null,
        null,
        1,
        2,
        2,
        2,
        2,
        1,
        null,
        2,
        1,
        null,
        null,
        null,
        null,
        null,
        null,
        1,
        1,
        1,
        2,
        1,
        null,
        null,
        null,
        1,
        null,
        1,
        5,
        null,
        null,
        null,
        1,
        4,
        null,
        null,
        1,
        null,
        2,
        null,
        null,
        null,
        null,
        null,
        null,
        null,
        null,
        null
      ],
      "/home/ec2-user/environment/Cord-Cutting-Calculator/app/controllers/application_controller.rb": [
        1,
        1,
        null,
        1,
        null,
        1,
        0,
        null,
        null,
        1,
        0,
        null,
        null,
        1,
        0,
        0,
        0,
        null,
        null,
        null,
        null
      ],
      "/home/ec2-user/environment/Cord-Cutting-Calculator/app/models/user.rb": [
        1,
        1,
        null,
        1,
        null,
        1,
        1,
        1,
        null,
        1,
        1,
        null,
        null,
        1,
        1,
        null,
        null,
        null,
        1,
        null,
        1,
        0,
        0,
        0,
        0,
        0,
        0,
        0,
        0,
        null,
        null,
        null,
        1,
        0,
        0,
        0,
        0,
        null,
        null,
        null,
        null,
        null,
        1,
        0,
        0,
        0,
        null,
        0,
        0,
        0,
        0,
        0,
        0,
        0,
        0,
        null,
        0,
        0,
        0,
        null,
        0,
        null,
        0,
        0,
        0,
        0,
        0,
        0,
        0,
        null,
        0,
        null,
        0,
        0,
        0,
        0,
        0,
        0,
        0,
        null,
        0,
        null,
        0,
        0,
        0,
        0,
        0,
        0,
        0,
        null,
        0,
        null,
        null,
        0,
        null,
        null,
        1,
        0,
        0,
        0,
        null,
        0,
        0,
        0,
        0,
        0,
        null,
        0,
        null,
        null,
        null,
        0,
        0,
        0,
        null,
        0,
        0,
        0,
        null,
        0,
        null,
        null,
        null,
        0,
        0,
        0,
        0,
        0,
        null,
        null,
        0,
        0,
        0,
        0,
        0,
        0,
        null,
        0,
        null,
        null,
        null,
        null,
        null,
        0,
        0,
        null,
        0,
        null,
        null,
        null,
        1,
        1,
        1,
        null,
        1,
        0,
        0,
        null,
        null,
        1,
        0,
        0,
        null,
        null,
        1,
        0,
        0,
        0,
        0,
        null,
        null,
        null,
        null
      ],
      "/home/ec2-user/environment/Cord-Cutting-Calculator/app/models/application_record.rb": [
        1,
        1,
        null
      ],
      "/home/ec2-user/environment/Cord-Cutting-Calculator/app/models/channel.rb": [
        1,
        1,
        1,
        null
      ],
      "/home/ec2-user/environment/Cord-Cutting-Calculator/app/models/stream_package.rb": [
        1,
        1,
        null
      ],
      "/home/ec2-user/environment/Cord-Cutting-Calculator/app/controllers/stream_packages_controller.rb": [
        0,
        null,
        0,
        null,
        null,
        null,
        0,
        0,
        0,
        null,
        null,
        null,
        0,
        0,
        null,
        null,
        0,
        0,
        0,
        0,
        null,
        null,
        0,
        0,
        null,
        null,
        null,
        0,
        0,
        0,
        null,
        0,
        0,
        0,
        0,
        0,
        0,
        0,
        0,
        0,
        0,
        null,
        null,
        null,
        0,
        0,
        0,
        null,
        0,
        0,
        0,
        0,
        0,
        0,
        0,
        0,
        0,
        null,
        null,
        null,
        0,
        0,
        0,
        0,
        0,
        0,
        0,
        null,
        0,
        null,
        0,
        0,
        0,
        0,
        null,
        null,
        0,
        0,
        0,
        0
      ],
      "/home/ec2-user/environment/Cord-Cutting-Calculator/app/controllers/pages_controller.rb": [
        0,
        null,
        0,
        null,
        0,
        null,
        0
      ],
      "/home/ec2-user/environment/Cord-Cutting-Calculator/app/controllers/user_controller.rb": [
        0,
        null,
        0,
        0,
        0,
        null,
        0,
        0,
        0,
        0,
        0,
        0,
        0,
        0,
        0,
        0,
        0,
        0,
        null,
        0,
        0,
        0,
        0,
        0,
        0,
        0,
        0,
        0,
        null,
        0,
        0,
        0,
        null,
        0,
        0,
        0,
        0,
        0,
        null,
        0,
        null,
        0,
        0,
        null,
        null,
        0,
        0,
        0,
        0,
        0,
        0,
        0,
        0,
        0,
        0
      ],
      "/home/ec2-user/environment/Cord-Cutting-Calculator/app/controllers/sessions_controller.rb": [
        0,
        null,
        0,
        null,
        0,
        null,
        0,
        0,
        0,
        0,
        null,
        null,
        0,
        0,
        0,
        0,
        0,
        0,
        0,
        null,
        0,
        0,
        0,
        0,
        0,
        null,
        0
      ],
      "/home/ec2-user/environment/Cord-Cutting-Calculator/app/controllers/users_controller.rb": [
        0,
        0,
        null,
        0,
        0,
        0,
        null,
        0,
        0,
        0,
        0,
        0,
        0,
        0,
        0,
        0,
        0,
        null,
        0,
        0,
        null,
        0,
        0,
        0,
        0,
        0,
        0,
        0,
        0,
        null,
        0,
        0,
        0,
        0,
        null,
        0,
        0,
        0,
        0
      ],
      "/home/ec2-user/environment/Cord-Cutting-Calculator/app/controllers/home_controller.rb": [
        0,
        0,
        0,
        0,
        null,
        0,
        0,
        0,
        null,
        0,
        0,
        0,
        null,
        0,
        null,
        0,
        null,
        null,
        null,
        null,
        0,
        0,
        0,
        0,
        null,
        0,
        0,
        0,
        0,
        0,
        0,
        0,
        0,
        0,
        null,
        0
      ],
      "/home/ec2-user/environment/Cord-Cutting-Calculator/app/models/channels_user.rb": [
        0,
        0,
        0,
        null,
        null,
        0
      ]
    },
    "timestamp": 1553661666
  }
}
