{
  "Cucumber Features": {
    "coverage": {
      "/home/ec2-user/environment/Cord-Cutting-Calculator/app/helpers/channels_helper.rb": [
        0,
        0
      ],
      "/home/ec2-user/environment/Cord-Cutting-Calculator/app/helpers/stream_packages_helper.rb": [
        0,
        0
      ],
      "/home/ec2-user/environment/Cord-Cutting-Calculator/app/helpers/home_helper.rb": [
        0,
        0
      ],
      "/home/ec2-user/environment/Cord-Cutting-Calculator/app/helpers/application_helper.rb": [
        0,
        0
      ],
      "/home/ec2-user/environment/Cord-Cutting-Calculator/app/helpers/me_helper.rb": [
        0,
        0
      ],
      "/home/ec2-user/environment/Cord-Cutting-Calculator/app/controllers/stream_packages_controller.rb": [
        0,
        0,
        0,
        null,
        null,
        null,
        0,
        0,
        0,
        null,
        null,
        null,
        0,
        0,
        null,
        null,
        0,
        0,
        0,
        0,
        null,
        null,
        0,
        0,
        null,
        null,
        null,
        0,
        0,
        0,
        null,
        0,
        0,
        0,
        0,
        0,
        0,
        0,
        0,
        0,
        0,
        null,
        null,
        null,
        0,
        0,
        0,
        null,
        0,
        0,
        0,
        0,
        0,
        0,
        0,
        0,
        0,
        null,
        null,
        null,
        0,
        0,
        0,
        0,
        0,
        0,
        0,
        null,
        0,
        null,
        0,
        0,
        0,
        0,
        null,
        null,
        0,
        0,
        0,
        0
      ],
      "/home/ec2-user/environment/Cord-Cutting-Calculator/app/controllers/pages_controller.rb": [
        0,
        null,
        0,
        null,
        0,
        null,
        0
      ],
      "/home/ec2-user/environment/Cord-Cutting-Calculator/app/controllers/application_controller.rb": [
        0,
        0,
        null,
        0,
        null,
        0,
        0,
        0,
        null,
        0,
        0,
        0,
        null,
        0,
        0,
        0,
        0,
        0,
        0,
        null,
        0
      ],
      "/home/ec2-user/environment/Cord-Cutting-Calculator/app/controllers/user_controller.rb": [
        0,
        0,
        0,
        0,
        0,
        null,
        0,
        0,
        0,
        0,
        0,
        0,
        0,
        0,
        0,
        0,
        0,
        0,
        null,
        0,
        0,
        0,
        0,
        0,
        0,
        0,
        0,
        0,
        null,
        0,
        0,
        0,
        null,
        0,
        0,
        0,
        0,
        0,
        null,
        0,
        null,
        0,
        0,
        null,
        null,
        0,
        0,
        0,
        0,
        0,
        0,
        0,
        0,
        0,
        0
      ],
      "/home/ec2-user/environment/Cord-Cutting-Calculator/app/controllers/sessions_controller.rb": [
        0,
        null,
        0,
        null,
        0,
        null,
        0,
        0,
        0,
        0,
        0,
        0,
        0,
        0,
        0,
        0,
        0,
        null,
        0,
        0,
        0,
        0,
        0,
        null,
        0
      ],
      "/home/ec2-user/environment/Cord-Cutting-Calculator/app/controllers/users_controller.rb": [
        0,
        0,
        null,
        0,
        0,
        0,
        null,
        0,
        0,
        0,
        0,
        0,
        0,
        0,
        0,
        0,
        0,
        null,
        0,
        0,
        null,
        0,
        0,
        0,
        0,
        0,
        0,
        0,
        0,
        null,
        0,
        0,
        0,
        0,
        null,
        0,
        0,
        0,
        0
      ],
      "/home/ec2-user/environment/Cord-Cutting-Calculator/app/controllers/home_controller.rb": [
        0,
        0,
        0,
        0,
        null,
        0,
        0,
        0,
        null,
        0,
        0,
        0,
        null,
        0,
        null,
        0,
        null,
        null,
        null,
        null,
        0,
        0,
        0,
        0,
        null,
        0,
        0,
        0,
        0,
        0,
        0,
        0,
        0,
        0,
        null,
        0
      ],
      "/home/ec2-user/environment/Cord-Cutting-Calculator/app/controllers/channels_controller.rb": [
        0,
        0,
        0,
        null,
        null,
        null,
        0,
        0,
        0,
        null,
        null,
        null,
        0,
        0,
        null,
        null,
        0,
        0,
        0,
        0,
        null,
        null,
        0,
        0,
        0,
        null,
        null,
        null,
        0,
        0,
        null,
        0,
        0,
        0,
        0,
        0,
        0,
        0,
        0,
        0,
        0,
        null,
        null,
        null,
        0,
        0,
        0,
        0,
        0,
        0,
        0,
        0,
        0,
        0,
        0,
        0,
        null,
        null,
        null,
        0,
        0,
        0,
        0,
        0,
        0,
        0,
        null,
        0,
        null,
        0,
        0,
        0,
        null,
        null,
        0,
        0,
        0,
        null,
        0,
        0,
        0,
        0,
        0,
        0,
        0,
        0,
        0,
        0,
        0,
        0
      ],
      "/home/ec2-user/environment/Cord-Cutting-Calculator/app/models/application_record.rb": [
        0,
        0,
        0
      ],
      "/home/ec2-user/environment/Cord-Cutting-Calculator/app/models/stream_package.rb": [
        0,
        0,
        0
      ],
      "/home/ec2-user/environment/Cord-Cutting-Calculator/app/models/channels_user.rb": [
        0,
        0,
        0,
        null,
        null,
        0
      ],
      "/home/ec2-user/environment/Cord-Cutting-Calculator/app/models/user.rb": [
        0,
        0,
        null,
        0,
        null,
        0,
        0,
        0,
        null,
        0,
        0,
        0,
        0,
        0,
        0,
        0,
        0,
        0,
        0,
        null,
        0,
        0,
        0,
        0,
        0,
        0,
        0,
        0,
        0,
        0,
        0,
        null,
        0,
        0,
        0,
        0,
        0,
        0,
        0,
        0,
        null,
        null,
        0,
        0,
        0,
        0,
        null,
        0,
        0,
        0,
        0,
        0,
        0,
        0,
        0,
        null,
        0,
        0,
        0,
        null,
        0,
        0,
        0,
        0,
        0,
        0,
        0,
        0,
        0,
        0,
        0,
        0,
        0,
        0,
        0,
        0,
        0,
        0,
        0,
        0,
        0,
        0,
        0,
        0,
        0,
        0,
        0,
        0,
        0,
        0,
        0,
        0,
        null,
        0,
        0,
        null,
        0,
        0,
        0,
        0,
        null,
        0,
        0,
        0,
        0,
        0,
        0,
        0,
        0,
        0,
        null,
        0,
        0,
        0,
        null,
        0,
        0,
        0,
        0,
        0,
        0,
        0,
        null,
        0,
        0,
        0,
        0,
        0,
        null,
        null,
        0,
        0,
        0,
        0,
        0,
        0,
        0,
        0,
        0,
        0,
        0,
        0,
        null,
        0,
        0,
        0,
        0,
        0,
        0,
        null,
        0,
        0,
        0,
        null,
        0,
        0,
        0,
        0,
        null,
        0,
        0,
        0,
        0,
        null,
        0,
        0,
        0,
        0,
        0,
        0,
        0,
        0,
        0
      ],
      "/home/ec2-user/environment/Cord-Cutting-Calculator/app/models/channel.rb": [
        0,
        0,
        0,
        0
      ]
    },
    "timestamp": 1553464789
  },
  "RSpec": {
    "coverage": {
      "/home/ec2-user/environment/csce-606-f2018-project/app/helpers/application_helper.rb": [
        1,
        null
      ],
      "/home/ec2-user/environment/csce-606-f2018-project/app/helpers/channels_helper.rb": [
        1,
        null
      ],
      "/home/ec2-user/environment/csce-606-f2018-project/app/helpers/home_helper.rb": [
        1,
        null
      ],
      "/home/ec2-user/environment/csce-606-f2018-project/app/helpers/me_helper.rb": [
        1,
        null
      ],
      "/home/ec2-user/environment/csce-606-f2018-project/app/helpers/stream_packages_helper.rb": [
        1,
        null
      ],
      "/home/ec2-user/environment/csce-606-f2018-project/app/controllers/channels_controller.rb": [
        1,
        1,
        1,
        null,
        null,
        null,
        1,
        1,
        null,
        null,
        null,
        null,
        1,
        null,
        null,
        null,
        1,
        1,
        1,
        null,
        null,
        null,
        1,
        1,
        null,
        null,
        null,
        null,
        1,
        2,
        null,
        2,
        2,
        2,
        1,
        null,
        2,
        1,
        null,
        null,
        null,
        null,
        null,
        null,
        1,
        2,
        2,
        2,
        2,
        1,
        null,
        2,
        1,
        null,
        null,
        null,
        null,
        null,
        null,
        1,
        1,
        1,
        2,
        1,
        null,
        null,
        null,
        1,
        null,
        1,
        5,
        null,
        null,
        null,
        1,
        4,
        null,
        null,
        1,
        null,
        2,
        null,
        null,
        null,
        null,
        null,
        null,
        null,
        null,
        null
      ],
      "/home/ec2-user/environment/csce-606-f2018-project/app/controllers/application_controller.rb": [
        1,
        1,
        1,
        null,
        1,
        26,
        null,
        null,
        1,
        26,
        null,
        null,
        1,
        null,
        26,
        null,
        null,
        null
      ],
      "/home/ec2-user/environment/csce-606-f2018-project/app/controllers/home_controller.rb": [
        1,
        1,
        1,
        1,
        null,
        1,
        1,
        null,
        null,
        1,
        1,
        1,
        null,
        1,
        null,
        1,
        null,
        null,
        null,
        null,
        1,
        1,
        44,
        null,
        null,
        1,
        1,
        1,
        1,
        8,
        8,
        8,
        null,
        null,
        null,
        null
      ],
      "/home/ec2-user/environment/csce-606-f2018-project/app/controllers/sessions_controller.rb": [
        1,
        null,
        1,
        5,
        5,
        5,
        null,
        null,
        1,
        2,
        2,
        null,
        null,
        null
      ],
      "/home/ec2-user/environment/csce-606-f2018-project/app/controllers/signin_controller.rb": [
        1,
        1,
        null,
        null
      ],
      "/home/ec2-user/environment/csce-606-f2018-project/app/controllers/stream_packages_controller.rb": [
        1,
        1,
        1,
        null,
        null,
        null,
        1,
        1,
        null,
        null,
        null,
        null,
        1,
        null,
        null,
        null,
        1,
        1,
        1,
        null,
        null,
        null,
        1,
        null,
        null,
        null,
        null,
        1,
        6,
        2,
        null,
        2,
        2,
        2,
        1,
        null,
        2,
        1,
        null,
        null,
        null,
        null,
        null,
        null,
        1,
        2,
        6,
        null,
        2,
        2,
        1,
        null,
        2,
        1,
        null,
        null,
        null,
        null,
        null,
        null,
        1,
        1,
        1,
        2,
        1,
        null,
        null,
        null,
        1,
        null,
        1,
        5,
        5,
        null,
        null,
        null,
        1,
        8,
        null,
        null
      ],
      "/home/ec2-user/environment/csce-606-f2018-project/app/controllers/user_controller.rb": [
        1,
        1,
        1,
        2,
        2,
        null,
        2,
        2,
        2,
        2,
        4,
        4,
        4,
        null,
        2,
        2,
        2,
        null,
        null,
        1,
        1,
        3,
        2,
        2,
        1,
        1,
        1,
        null,
        null,
        1,
        1,
        null,
        null,
        1,
        1,
        1,
        1,
        1,
        null,
        1,
        null,
        1,
        null,
        null,
        null,
        1,
        null,
        null,
        null,
        null,
        null,
        null,
        1,
        null,
        null
      ],
      "/home/ec2-user/environment/csce-606-f2018-project/app/models/channel.rb": [
        1,
        1,
        1,
        null
      ],
      "/home/ec2-user/environment/csce-606-f2018-project/app/models/application_record.rb": [
        1,
        1,
        null
      ],
      "/home/ec2-user/environment/csce-606-f2018-project/app/models/user.rb": [
        1,
        1,
        null,
        1,
        null,
        1,
        1,
        1,
        null,
        1,
        5,
        5,
        5,
        5,
        5,
        5,
        5,
        5,
        null,
        null,
        null,
        1,
        9,
        9,
        12,
        12,
        null,
        null,
        null,
        null,
        null,
        1,
        1,
        1,
        1,
        null,
        11,
        11,
        11,
        11,
        11,
        1,
        1,
        1,
        null,
        1,
        1,
        1,
        null,
        1,
        null,
        1,
        1,
        1,
        1,
        0,
        0,
        0,
        null,
        1,
        null,
        1,
        1,
        1,
        1,
        0,
        0,
        0,
        null,
        1,
        null,
        1,
        1,
        1,
        1,
        0,
        0,
        0,
        null,
        1,
        null,
        null,
        4,
        null,
        null,
        1,
        3,
        3,
        3,
        null,
        3,
        30,
        30,
        0,
        0,
        null,
        0,
        null,
        null,
        null,
        3,
        3,
        3,
        null,
        3,
        30,
        30,
        null,
        0,
        null,
        null,
        null,
        3,
        0,
        0,
        0,
        0,
        null,
        null,
        0,
        0,
        0,
        0,
        0,
        0,
        null,
        0,
        null,
        null,
        null,
        null,
        null,
        0,
        0,
        null,
        3,
        null,
        null,
        null,
        1,
        1,
        1,
        null,
        1,
        60,
        3,
        null,
        null,
        1,
        30,
        30,
        null,
        null,
        1,
        0,
        0,
        0,
        0,
        null,
        null,
        null,
        null
      ],
      "/home/ec2-user/environment/csce-606-f2018-project/app/models/stream_package.rb": [
        1,
        1,
        null
      ],
      "/home/ec2-user/environment/csce-606-f2018-project/app/models/channels_user.rb": [
        1,
        1,
        1,
        null,
        null,
        null
      ]
    },
    "timestamp": 1544314010
  }
}
